[2022-10-09 21:23:26] Training Information
Argument
name:	tpsa
exp_dir:	./result_new/generalization/
property:	['tpsa']
trainer_config:	./config/trainer.yaml
model_config:	./config/model.yaml
data_config:	./config/data/generalization.yaml
config:	None

Trainer Config
gpus: 1
num_workers: 4
lr: 0.001
train_batch_size: 128
val_batch_size: 256
num_negative_samples: 10
alpha: 0.75
max_step: 500000
log_interval: 5000
val_interval: 10000
save_interval: 10000

Data Config
data_dir: ./data/generalization/
property_path: ./data/ZINC/property.db
library_path: ./data/generalization//library.csv
train_data_path: ./data/generalization//train.csv
train_weight_path: ./data/generalization//train_weight.npy
val_data_path: ./data/generalization//val.csv
train_max_atoms: 40
val_max_atoms: 40

[2022-10-09 21:23:34] number of parameters : 439055
[2022-10-09 21:23:50] num of train data: 3963991
[2022-10-09 21:23:50] num of val data: 440910

[2022-10-09 21:23:50] Train Start
[2022-10-09 21:35:59] STEP 5000	TRAIN	loss: 1.567	tloss: 0.001	ploss: 0.358	nloss: 0.410	iloss: 0.798	
[2022-10-09 21:47:53] STEP 10000	TRAIN	loss: 1.213	tloss: 0.000	ploss: 0.280	nloss: 0.345	iloss: 0.588	
[2022-10-09 21:48:43] STEP 10000	VAL  	loss: 1.469	tloss: 0.000	ploss: 0.377	nloss: 0.481	iloss: 0.611	
[2022-10-09 22:00:37] STEP 15000	TRAIN	loss: 1.111	tloss: 0.000	ploss: 0.261	nloss: 0.327	iloss: 0.522	
[2022-10-09 22:12:33] STEP 20000	TRAIN	loss: 1.048	tloss: 0.000	ploss: 0.250	nloss: 0.317	iloss: 0.481	
[2022-10-09 22:13:25] STEP 20000	VAL  	loss: 1.398	tloss: 0.000	ploss: 0.391	nloss: 0.435	iloss: 0.572	
[2022-10-09 22:25:32] STEP 25000	TRAIN	loss: 1.006	tloss: 0.000	ploss: 0.243	nloss: 0.312	iloss: 0.451	
[2022-10-09 22:37:27] STEP 30000	TRAIN	loss: 0.973	tloss: 0.000	ploss: 0.237	nloss: 0.306	iloss: 0.430	
[2022-10-09 22:38:18] STEP 30000	VAL  	loss: 1.370	tloss: 0.000	ploss: 0.387	nloss: 0.425	iloss: 0.558	
[2022-10-09 22:50:08] STEP 35000	TRAIN	loss: 0.942	tloss: 0.000	ploss: 0.231	nloss: 0.301	iloss: 0.410	
[2022-10-09 23:01:57] STEP 40000	TRAIN	loss: 0.922	tloss: 0.000	ploss: 0.227	nloss: 0.297	iloss: 0.398	
[2022-10-09 23:02:49] STEP 40000	VAL  	loss: 1.341	tloss: 0.000	ploss: 0.378	nloss: 0.417	iloss: 0.545	
[2022-10-09 23:14:48] STEP 45000	TRAIN	loss: 0.901	tloss: 0.000	ploss: 0.223	nloss: 0.293	iloss: 0.385	
[2022-10-09 23:26:44] STEP 50000	TRAIN	loss: 0.888	tloss: 0.000	ploss: 0.220	nloss: 0.291	iloss: 0.377	
[2022-10-09 23:27:36] STEP 50000	VAL  	loss: 1.328	tloss: 0.000	ploss: 0.383	nloss: 0.407	iloss: 0.538	
[2022-10-09 23:39:26] STEP 55000	TRAIN	loss: 0.872	tloss: 0.000	ploss: 0.217	nloss: 0.288	iloss: 0.367	
[2022-10-09 23:51:10] STEP 60000	TRAIN	loss: 0.859	tloss: 0.000	ploss: 0.214	nloss: 0.286	iloss: 0.360	
[2022-10-09 23:52:00] STEP 60000	VAL  	loss: 1.316	tloss: 0.000	ploss: 0.396	nloss: 0.386	iloss: 0.533	
[2022-10-10 00:03:52] STEP 65000	TRAIN	loss: 0.845	tloss: 0.000	ploss: 0.211	nloss: 0.283	iloss: 0.350	
[2022-10-10 00:15:47] STEP 70000	TRAIN	loss: 0.837	tloss: 0.000	ploss: 0.210	nloss: 0.282	iloss: 0.346	
[2022-10-10 00:16:39] STEP 70000	VAL  	loss: 1.309	tloss: 0.000	ploss: 0.333	nloss: 0.447	iloss: 0.529	
[2022-10-10 00:28:46] STEP 75000	TRAIN	loss: 0.826	tloss: 0.000	ploss: 0.207	nloss: 0.279	iloss: 0.340	
[2022-10-10 00:40:40] STEP 80000	TRAIN	loss: 0.820	tloss: 0.000	ploss: 0.206	nloss: 0.279	iloss: 0.335	
[2022-10-10 00:41:32] STEP 80000	VAL  	loss: 1.299	tloss: 0.000	ploss: 0.318	nloss: 0.447	iloss: 0.534	
[2022-10-10 00:53:13] STEP 85000	TRAIN	loss: 0.810	tloss: 0.000	ploss: 0.205	nloss: 0.277	iloss: 0.328	
[2022-10-10 01:05:02] STEP 90000	TRAIN	loss: 0.802	tloss: 0.000	ploss: 0.203	nloss: 0.276	iloss: 0.322	
[2022-10-10 01:05:57] STEP 90000	VAL  	loss: 1.319	tloss: 0.000	ploss: 0.396	nloss: 0.387	iloss: 0.536	
[2022-10-10 01:17:51] STEP 95000	TRAIN	loss: 0.794	tloss: 0.000	ploss: 0.201	nloss: 0.274	iloss: 0.319	
[2022-10-10 01:29:48] STEP 100000	TRAIN	loss: 0.789	tloss: 0.000	ploss: 0.201	nloss: 0.274	iloss: 0.315	
[2022-10-10 01:30:41] STEP 100000	VAL  	loss: 1.308	tloss: 0.000	ploss: 0.338	nloss: 0.435	iloss: 0.535	
[2022-10-10 01:42:34] STEP 105000	TRAIN	loss: 0.783	tloss: 0.000	ploss: 0.199	nloss: 0.272	iloss: 0.313	
[2022-10-10 01:54:35] STEP 110000	TRAIN	loss: 0.777	tloss: 0.000	ploss: 0.198	nloss: 0.271	iloss: 0.308	
[2022-10-10 01:55:28] STEP 110000	VAL  	loss: 1.314	tloss: 0.000	ploss: 0.363	nloss: 0.424	iloss: 0.527	
[2022-10-10 02:07:25] STEP 115000	TRAIN	loss: 0.769	tloss: 0.000	ploss: 0.196	nloss: 0.270	iloss: 0.304	
[2022-10-10 02:19:25] STEP 120000	TRAIN	loss: 0.767	tloss: 0.000	ploss: 0.196	nloss: 0.269	iloss: 0.303	
[2022-10-10 02:20:18] STEP 120000	VAL  	loss: 1.311	tloss: 0.000	ploss: 0.404	nloss: 0.381	iloss: 0.526	
[2022-10-10 02:32:06] STEP 125000	TRAIN	loss: 0.763	tloss: 0.000	ploss: 0.195	nloss: 0.268	iloss: 0.300	
[2022-10-10 02:44:00] STEP 130000	TRAIN	loss: 0.758	tloss: 0.000	ploss: 0.194	nloss: 0.267	iloss: 0.297	
[2022-10-10 02:44:51] STEP 130000	VAL  	loss: 1.303	tloss: 0.000	ploss: 0.342	nloss: 0.431	iloss: 0.530	
[2022-10-10 02:56:36] STEP 135000	TRAIN	loss: 0.751	tloss: 0.000	ploss: 0.192	nloss: 0.266	iloss: 0.292	
[2022-10-10 03:08:22] STEP 140000	TRAIN	loss: 0.749	tloss: 0.000	ploss: 0.192	nloss: 0.266	iloss: 0.291	
[2022-10-10 03:09:15] STEP 140000	VAL  	loss: 1.303	tloss: 0.000	ploss: 0.373	nloss: 0.395	iloss: 0.535	
[2022-10-10 03:20:59] STEP 145000	TRAIN	loss: 0.744	tloss: 0.000	ploss: 0.191	nloss: 0.264	iloss: 0.289	
[2022-10-10 03:33:02] STEP 150000	TRAIN	loss: 0.742	tloss: 0.000	ploss: 0.190	nloss: 0.264	iloss: 0.287	
[2022-10-10 03:33:54] STEP 150000	VAL  	loss: 1.288	tloss: 0.000	ploss: 0.342	nloss: 0.421	iloss: 0.525	
[2022-10-10 03:45:42] STEP 155000	TRAIN	loss: 0.736	tloss: 0.000	ploss: 0.189	nloss: 0.263	iloss: 0.284	
[2022-10-10 03:57:30] STEP 160000	TRAIN	loss: 0.732	tloss: 0.000	ploss: 0.188	nloss: 0.262	iloss: 0.281	
[2022-10-10 03:58:24] STEP 160000	VAL  	loss: 1.306	tloss: 0.000	ploss: 0.378	nloss: 0.397	iloss: 0.531	
[2022-10-10 04:10:13] STEP 165000	TRAIN	loss: 0.730	tloss: 0.000	ploss: 0.188	nloss: 0.262	iloss: 0.280	
[2022-10-10 04:22:15] STEP 170000	TRAIN	loss: 0.726	tloss: 0.000	ploss: 0.187	nloss: 0.261	iloss: 0.277	
[2022-10-10 04:23:10] STEP 170000	VAL  	loss: 1.293	tloss: 0.000	ploss: 0.342	nloss: 0.425	iloss: 0.526	
[2022-10-10 04:35:03] STEP 175000	TRAIN	loss: 0.725	tloss: 0.000	ploss: 0.186	nloss: 0.261	iloss: 0.278	
[2022-10-10 04:46:50] STEP 180000	TRAIN	loss: 0.720	tloss: 0.000	ploss: 0.186	nloss: 0.260	iloss: 0.274	
[2022-10-10 04:47:43] STEP 180000	VAL  	loss: 1.306	tloss: 0.000	ploss: 0.413	nloss: 0.363	iloss: 0.531	
[2022-10-10 04:59:36] STEP 185000	TRAIN	loss: 0.717	tloss: 0.000	ploss: 0.185	nloss: 0.259	iloss: 0.273	
[2022-10-10 05:11:20] STEP 190000	TRAIN	loss: 0.714	tloss: 0.000	ploss: 0.184	nloss: 0.259	iloss: 0.271	
[2022-10-10 05:12:12] STEP 190000	VAL  	loss: 1.319	tloss: 0.000	ploss: 0.350	nloss: 0.421	iloss: 0.548	
[2022-10-10 05:24:04] STEP 195000	TRAIN	loss: 0.711	tloss: 0.000	ploss: 0.184	nloss: 0.258	iloss: 0.268	
[2022-10-10 05:35:58] STEP 200000	TRAIN	loss: 0.708	tloss: 0.000	ploss: 0.184	nloss: 0.258	iloss: 0.267	
[2022-10-10 05:36:51] STEP 200000	VAL  	loss: 1.300	tloss: 0.000	ploss: 0.369	nloss: 0.402	iloss: 0.530	
[2022-10-10 05:48:36] STEP 205000	TRAIN	loss: 0.707	tloss: 0.000	ploss: 0.183	nloss: 0.257	iloss: 0.266	
[2022-10-10 06:00:24] STEP 210000	TRAIN	loss: 0.704	tloss: 0.000	ploss: 0.182	nloss: 0.257	iloss: 0.264	
[2022-10-10 06:01:15] STEP 210000	VAL  	loss: 1.284	tloss: 0.000	ploss: 0.348	nloss: 0.412	iloss: 0.525	
[2022-10-10 06:13:23] STEP 215000	TRAIN	loss: 0.700	tloss: 0.000	ploss: 0.182	nloss: 0.256	iloss: 0.262	
[2022-10-10 06:25:18] STEP 220000	TRAIN	loss: 0.698	tloss: 0.000	ploss: 0.181	nloss: 0.256	iloss: 0.261	
[2022-10-10 06:26:11] STEP 220000	VAL  	loss: 1.308	tloss: 0.000	ploss: 0.417	nloss: 0.364	iloss: 0.527	
[2022-10-10 06:38:13] STEP 225000	TRAIN	loss: 0.698	tloss: 0.000	ploss: 0.181	nloss: 0.255	iloss: 0.262	
[2022-10-10 06:49:55] STEP 230000	TRAIN	loss: 0.696	tloss: 0.000	ploss: 0.181	nloss: 0.255	iloss: 0.260	
[2022-10-10 06:50:48] STEP 230000	VAL  	loss: 1.302	tloss: 0.000	ploss: 0.370	nloss: 0.406	iloss: 0.526	
[2022-10-10 07:02:51] STEP 235000	TRAIN	loss: 0.693	tloss: 0.000	ploss: 0.180	nloss: 0.255	iloss: 0.258	
[2022-10-10 07:14:42] STEP 240000	TRAIN	loss: 0.692	tloss: 0.000	ploss: 0.179	nloss: 0.254	iloss: 0.259	
[2022-10-10 07:15:34] STEP 240000	VAL  	loss: 1.297	tloss: 0.000	ploss: 0.378	nloss: 0.383	iloss: 0.536	
[2022-10-10 07:27:23] STEP 245000	TRAIN	loss: 0.690	tloss: 0.000	ploss: 0.179	nloss: 0.254	iloss: 0.256	
[2022-10-10 07:39:11] STEP 250000	TRAIN	loss: 0.687	tloss: 0.000	ploss: 0.179	nloss: 0.254	iloss: 0.254	
[2022-10-10 07:40:04] STEP 250000	VAL  	loss: 1.306	tloss: 0.000	ploss: 0.347	nloss: 0.421	iloss: 0.538	
[2022-10-10 07:51:58] STEP 255000	TRAIN	loss: 0.685	tloss: 0.000	ploss: 0.178	nloss: 0.253	iloss: 0.254	
[2022-10-10 08:03:45] STEP 260000	TRAIN	loss: 0.682	tloss: 0.000	ploss: 0.178	nloss: 0.252	iloss: 0.251	
[2022-10-10 08:04:40] STEP 260000	VAL  	loss: 1.308	tloss: 0.000	ploss: 0.332	nloss: 0.440	iloss: 0.535	
[2022-10-10 08:16:37] STEP 265000	TRAIN	loss: 0.683	tloss: 0.000	ploss: 0.178	nloss: 0.253	iloss: 0.253	
[2022-10-10 08:28:29] STEP 270000	TRAIN	loss: 0.679	tloss: 0.000	ploss: 0.177	nloss: 0.252	iloss: 0.250	
[2022-10-10 08:29:23] STEP 270000	VAL  	loss: 1.309	tloss: 0.000	ploss: 0.405	nloss: 0.373	iloss: 0.530	
[2022-10-10 08:41:18] STEP 275000	TRAIN	loss: 0.679	tloss: 0.000	ploss: 0.177	nloss: 0.252	iloss: 0.250	
[2022-10-10 08:53:09] STEP 280000	TRAIN	loss: 0.675	tloss: 0.000	ploss: 0.176	nloss: 0.252	iloss: 0.247	
[2022-10-10 08:54:01] STEP 280000	VAL  	loss: 1.296	tloss: 0.000	ploss: 0.375	nloss: 0.395	iloss: 0.526	
[2022-10-10 09:05:53] STEP 285000	TRAIN	loss: 0.675	tloss: 0.000	ploss: 0.176	nloss: 0.251	iloss: 0.249	
[2022-10-10 09:17:42] STEP 290000	TRAIN	loss: 0.674	tloss: 0.000	ploss: 0.176	nloss: 0.251	iloss: 0.247	
[2022-10-10 09:18:36] STEP 290000	VAL  	loss: 1.312	tloss: 0.000	ploss: 0.366	nloss: 0.408	iloss: 0.538	
[2022-10-10 09:30:36] STEP 295000	TRAIN	loss: 0.671	tloss: 0.000	ploss: 0.175	nloss: 0.250	iloss: 0.246	
[2022-10-10 09:42:27] STEP 300000	TRAIN	loss: 0.672	tloss: 0.000	ploss: 0.175	nloss: 0.250	iloss: 0.247	
[2022-10-10 09:43:19] STEP 300000	VAL  	loss: 1.308	tloss: 0.000	ploss: 0.370	nloss: 0.409	iloss: 0.528	
[2022-10-10 09:55:08] STEP 305000	TRAIN	loss: 0.669	tloss: 0.000	ploss: 0.175	nloss: 0.250	iloss: 0.245	
[2022-10-10 10:07:04] STEP 310000	TRAIN	loss: 0.668	tloss: 0.000	ploss: 0.174	nloss: 0.250	iloss: 0.244	
[2022-10-10 10:07:58] STEP 310000	VAL  	loss: 1.317	tloss: 0.000	ploss: 0.313	nloss: 0.466	iloss: 0.537	
[2022-10-10 10:19:53] STEP 315000	TRAIN	loss: 0.666	tloss: 0.000	ploss: 0.174	nloss: 0.249	iloss: 0.243	
[2022-10-10 10:31:47] STEP 320000	TRAIN	loss: 0.664	tloss: 0.000	ploss: 0.174	nloss: 0.249	iloss: 0.241	
[2022-10-10 10:32:39] STEP 320000	VAL  	loss: 1.320	tloss: 0.000	ploss: 0.385	nloss: 0.392	iloss: 0.542	
[2022-10-10 10:44:35] STEP 325000	TRAIN	loss: 0.661	tloss: 0.000	ploss: 0.172	nloss: 0.248	iloss: 0.240	
[2022-10-10 10:56:35] STEP 330000	TRAIN	loss: 0.661	tloss: 0.000	ploss: 0.173	nloss: 0.248	iloss: 0.240	
[2022-10-10 10:57:29] STEP 330000	VAL  	loss: 1.314	tloss: 0.000	ploss: 0.385	nloss: 0.394	iloss: 0.534	
[2022-10-10 11:09:12] STEP 335000	TRAIN	loss: 0.659	tloss: 0.000	ploss: 0.173	nloss: 0.248	iloss: 0.239	
[2022-10-10 11:20:55] STEP 340000	TRAIN	loss: 0.658	tloss: 0.000	ploss: 0.172	nloss: 0.248	iloss: 0.238	
[2022-10-10 11:21:47] STEP 340000	VAL  	loss: 1.314	tloss: 0.000	ploss: 0.344	nloss: 0.431	iloss: 0.539	
[2022-10-10 11:33:38] STEP 345000	TRAIN	loss: 0.659	tloss: 0.000	ploss: 0.172	nloss: 0.247	iloss: 0.239	
[2022-10-10 11:45:23] STEP 350000	TRAIN	loss: 0.658	tloss: 0.000	ploss: 0.172	nloss: 0.247	iloss: 0.238	
[2022-10-10 11:46:16] STEP 350000	VAL  	loss: 1.305	tloss: 0.000	ploss: 0.347	nloss: 0.422	iloss: 0.536	
[2022-10-10 11:58:09] STEP 355000	TRAIN	loss: 0.654	tloss: 0.000	ploss: 0.171	nloss: 0.247	iloss: 0.236	
[2022-10-10 12:10:14] STEP 360000	TRAIN	loss: 0.655	tloss: 0.000	ploss: 0.172	nloss: 0.247	iloss: 0.236	
[2022-10-10 12:11:08] STEP 360000	VAL  	loss: 1.308	tloss: 0.000	ploss: 0.339	nloss: 0.430	iloss: 0.538	
[2022-10-10 12:23:03] STEP 365000	TRAIN	loss: 0.654	tloss: 0.000	ploss: 0.172	nloss: 0.247	iloss: 0.236	
[2022-10-10 12:34:57] STEP 370000	TRAIN	loss: 0.650	tloss: 0.000	ploss: 0.171	nloss: 0.246	iloss: 0.233	
[2022-10-10 12:35:47] STEP 370000	VAL  	loss: 1.312	tloss: 0.000	ploss: 0.380	nloss: 0.396	iloss: 0.536	
[2022-10-10 12:47:30] STEP 375000	TRAIN	loss: 0.652	tloss: 0.000	ploss: 0.171	nloss: 0.246	iloss: 0.235	
[2022-10-10 12:59:30] STEP 380000	TRAIN	loss: 0.649	tloss: 0.000	ploss: 0.171	nloss: 0.246	iloss: 0.232	
[2022-10-10 13:00:24] STEP 380000	VAL  	loss: 1.317	tloss: 0.000	ploss: 0.386	nloss: 0.395	iloss: 0.535	
[2022-10-10 13:12:25] STEP 385000	TRAIN	loss: 0.651	tloss: 0.000	ploss: 0.170	nloss: 0.246	iloss: 0.235	
[2022-10-10 13:24:15] STEP 390000	TRAIN	loss: 0.647	tloss: 0.000	ploss: 0.170	nloss: 0.245	iloss: 0.232	
[2022-10-10 13:25:06] STEP 390000	VAL  	loss: 1.318	tloss: 0.000	ploss: 0.369	nloss: 0.413	iloss: 0.536	
[2022-10-10 13:37:02] STEP 395000	TRAIN	loss: 0.647	tloss: 0.000	ploss: 0.170	nloss: 0.245	iloss: 0.232	
[2022-10-10 13:48:49] STEP 400000	TRAIN	loss: 0.646	tloss: 0.000	ploss: 0.170	nloss: 0.245	iloss: 0.231	
[2022-10-10 13:49:42] STEP 400000	VAL  	loss: 1.308	tloss: 0.000	ploss: 0.361	nloss: 0.410	iloss: 0.537	
[2022-10-10 14:01:33] STEP 405000	TRAIN	loss: 0.645	tloss: 0.000	ploss: 0.170	nloss: 0.245	iloss: 0.231	
[2022-10-10 14:13:26] STEP 410000	TRAIN	loss: 0.645	tloss: 0.000	ploss: 0.169	nloss: 0.245	iloss: 0.231	
[2022-10-10 14:14:20] STEP 410000	VAL  	loss: 1.314	tloss: 0.000	ploss: 0.338	nloss: 0.438	iloss: 0.539	
[2022-10-10 14:26:26] STEP 415000	TRAIN	loss: 0.644	tloss: 0.000	ploss: 0.169	nloss: 0.244	iloss: 0.230	
[2022-10-10 14:38:14] STEP 420000	TRAIN	loss: 0.641	tloss: 0.000	ploss: 0.169	nloss: 0.244	iloss: 0.228	
[2022-10-10 14:39:07] STEP 420000	VAL  	loss: 1.303	tloss: 0.000	ploss: 0.352	nloss: 0.413	iloss: 0.538	
[2022-10-10 14:50:56] STEP 425000	TRAIN	loss: 0.640	tloss: 0.000	ploss: 0.168	nloss: 0.243	iloss: 0.228	
[2022-10-10 15:03:01] STEP 430000	TRAIN	loss: 0.640	tloss: 0.000	ploss: 0.169	nloss: 0.244	iloss: 0.228	
[2022-10-10 15:03:54] STEP 430000	VAL  	loss: 1.323	tloss: 0.000	ploss: 0.338	nloss: 0.448	iloss: 0.537	
[2022-10-10 15:15:46] STEP 435000	TRAIN	loss: 0.639	tloss: 0.000	ploss: 0.168	nloss: 0.243	iloss: 0.228	
[2022-10-10 15:27:31] STEP 440000	TRAIN	loss: 0.637	tloss: 0.000	ploss: 0.168	nloss: 0.243	iloss: 0.226	
[2022-10-10 15:28:26] STEP 440000	VAL  	loss: 1.296	tloss: 0.000	ploss: 0.398	nloss: 0.370	iloss: 0.528	
[2022-10-10 15:40:16] STEP 445000	TRAIN	loss: 0.635	tloss: 0.000	ploss: 0.168	nloss: 0.243	iloss: 0.224	
[2022-10-10 15:51:55] STEP 450000	TRAIN	loss: 0.637	tloss: 0.000	ploss: 0.168	nloss: 0.243	iloss: 0.227	
[2022-10-10 15:52:47] STEP 450000	VAL  	loss: 1.302	tloss: 0.000	ploss: 0.346	nloss: 0.426	iloss: 0.530	
[2022-10-10 16:04:29] STEP 455000	TRAIN	loss: 0.636	tloss: 0.000	ploss: 0.167	nloss: 0.243	iloss: 0.225	
[2022-10-10 16:16:12] STEP 460000	TRAIN	loss: 0.633	tloss: 0.000	ploss: 0.167	nloss: 0.242	iloss: 0.224	
[2022-10-10 16:17:03] STEP 460000	VAL  	loss: 1.318	tloss: 0.000	ploss: 0.375	nloss: 0.402	iloss: 0.541	
[2022-10-10 16:28:56] STEP 465000	TRAIN	loss: 0.634	tloss: 0.000	ploss: 0.168	nloss: 0.243	iloss: 0.224	
[2022-10-10 16:40:55] STEP 470000	TRAIN	loss: 0.634	tloss: 0.000	ploss: 0.167	nloss: 0.242	iloss: 0.224	
[2022-10-10 16:41:46] STEP 470000	VAL  	loss: 1.309	tloss: 0.000	ploss: 0.347	nloss: 0.421	iloss: 0.541	
[2022-10-10 16:53:35] STEP 475000	TRAIN	loss: 0.632	tloss: 0.000	ploss: 0.166	nloss: 0.242	iloss: 0.224	
[2022-10-10 17:05:06] STEP 480000	TRAIN	loss: 0.631	tloss: 0.000	ploss: 0.166	nloss: 0.242	iloss: 0.223	
[2022-10-10 17:05:58] STEP 480000	VAL  	loss: 1.314	tloss: 0.000	ploss: 0.343	nloss: 0.427	iloss: 0.545	
[2022-10-10 17:17:46] STEP 485000	TRAIN	loss: 0.630	tloss: 0.000	ploss: 0.166	nloss: 0.242	iloss: 0.223	
[2022-10-10 17:29:40] STEP 490000	TRAIN	loss: 0.631	tloss: 0.000	ploss: 0.166	nloss: 0.242	iloss: 0.222	
[2022-10-10 17:30:35] STEP 490000	VAL  	loss: 1.313	tloss: 0.000	ploss: 0.379	nloss: 0.396	iloss: 0.538	
[2022-10-10 17:42:30] STEP 495000	TRAIN	loss: 0.632	tloss: 0.000	ploss: 0.166	nloss: 0.242	iloss: 0.224	
[2022-10-10 17:54:24] STEP 500000	TRAIN	loss: 0.628	tloss: 0.000	ploss: 0.166	nloss: 0.241	iloss: 0.221	
[2022-10-10 17:55:13] STEP 500000	VAL  	loss: 1.297	tloss: 0.000	ploss: 0.356	nloss: 0.409	iloss: 0.532	
